{"/home/rglepe/Documentos/F5/FEMTECH/workspace/cluedo/starter-code/src/clue.js": {"path":"/home/rglepe/Documentos/F5/FEMTECH/workspace/cluedo/starter-code/src/clue.js","statementMap":{"0":{"start":{"line":88,"column":24},"end":{"line":88,"column":26}},"1":{"start":{"line":91,"column":19},"end":{"line":91,"column":21}},"2":{"start":{"line":94,"column":21},"end":{"line":94,"column":23}}},"fnMap":{},"branchMap":{},"s":{"0":1,"1":1,"2":1},"f":{},"b":{},"inputSourceMap":null,"_coverageSchema":"1a1c01bbd47fc00a2c39e90264f33305004495a9","hash":"4fb86162dc345bcecd00878ebeb3883c6764ba29"}
}
